  P04-421018596.cpp
C:\Users\ricar\Documents\2024-2\CGeIHC\P4\P4\Window.h(12,36): warning C4244: 'return': conversion from 'GLint' to 'GLfloat', possible loss of data
  (compiling source file 'P04-421018596.cpp')
  
C:\Users\ricar\Documents\2024-2\CGeIHC\P4\P4\Window.h(13,37): warning C4244: 'return': conversion from 'GLint' to 'GLfloat', possible loss of data
  (compiling source file 'P04-421018596.cpp')
  
C:\Users\ricar\Documents\2024-2\CGeIHC\P4\P4\P04-421018596.cpp(31,36): warning C4305: 'initializing': truncation from 'double' to 'float'
C:\Users\ricar\Documents\2024-2\CGeIHC\P4\P4\P04-421018596.cpp(197,16): warning C4018: '<': signed/unsigned mismatch
C:\Users\ricar\Documents\2024-2\CGeIHC\P4\P4\P04-421018596.cpp(239,32): warning C4244: 'argument': conversion from 'double' to '_Ty', possible loss of data
C:\Users\ricar\Documents\2024-2\CGeIHC\P4\P4\P04-421018596.cpp(239,32): warning C4244:         with
C:\Users\ricar\Documents\2024-2\CGeIHC\P4\P4\P04-421018596.cpp(239,32): warning C4244:         [
C:\Users\ricar\Documents\2024-2\CGeIHC\P4\P4\P04-421018596.cpp(239,32): warning C4244:             _Ty=GLfloat
C:\Users\ricar\Documents\2024-2\CGeIHC\P4\P4\P04-421018596.cpp(239,32): warning C4244:         ]
C:\Users\ricar\Documents\2024-2\CGeIHC\P4\P4\P04-421018596.cpp(241,32): warning C4244: 'argument': conversion from 'double' to '_Ty', possible loss of data
C:\Users\ricar\Documents\2024-2\CGeIHC\P4\P4\P04-421018596.cpp(241,32): warning C4244:         with
C:\Users\ricar\Documents\2024-2\CGeIHC\P4\P4\P04-421018596.cpp(241,32): warning C4244:         [
C:\Users\ricar\Documents\2024-2\CGeIHC\P4\P4\P04-421018596.cpp(241,32): warning C4244:             _Ty=GLfloat
C:\Users\ricar\Documents\2024-2\CGeIHC\P4\P4\P04-421018596.cpp(241,32): warning C4244:         ]
C:\Users\ricar\Documents\2024-2\CGeIHC\P4\P4\P04-421018596.cpp(334,15): warning C4244: 'initializing': conversion from 'double' to 'GLfloat', possible loss of data
C:\Users\ricar\Documents\2024-2\CGeIHC\P4\P4\P04-421018596.cpp(336,33): warning C4244: '+=': conversion from 'double' to 'GLfloat', possible loss of data
LINK : warning LNK4098: defaultlib 'MSVCRT' conflicts with use of other libs; use /NODEFAULTLIB:library
  P4.vcxproj -> C:\Users\ricar\Documents\2024-2\CGeIHC\P4\Debug\P4.exe
