  Camera.cpp
  DirectionalLight.cpp
C:\Users\ricar\Documents\2024-2\CGeIHC\P05\P05\DirectionalLight.cpp(18,14): warning C4244: 'argument': conversion from 'GLfloat' to 'GLint', possible loss of data
C:\Users\ricar\Documents\2024-2\CGeIHC\P05\P05\DirectionalLight.cpp(19,14): warning C4244: 'argument': conversion from 'GLfloat' to 'GLint', possible loss of data
C:\Users\ricar\Documents\2024-2\CGeIHC\P05\P05\DirectionalLight.cpp(21,14): warning C4244: 'argument': conversion from 'GLfloat' to 'GLint', possible loss of data
C:\Users\ricar\Documents\2024-2\CGeIHC\P05\P05\DirectionalLight.cpp(22,14): warning C4244: 'argument': conversion from 'GLfloat' to 'GLint', possible loss of data
  Light.cpp
  Material.cpp
  Mesh_tn.cpp
  Model.cpp
C:\Users\ricar\Documents\2024-2\CGeIHC\P05\P05\Model.cpp(16,10): warning C4477: 'printf' : format string '%s' requires an argument of type 'char *', but variadic argument 1 has type 'const std::string'
C:\Users\ricar\Documents\2024-2\CGeIHC\P05\P05\Model.cpp(16,80): warning C4474: 'printf' : too many arguments passed for format string
  C:\Users\ricar\Documents\2024-2\CGeIHC\P05\P05\Model.cpp(16,80):
  placeholders and their parameters expect 1 variadic arguments, but 2 were provided
  
  PointLight.cpp
C:\Users\ricar\Documents\2024-2\CGeIHC\P05\P05\PointLight.cpp(28,14): warning C4244: 'argument': conversion from 'GLfloat' to 'GLint', possible loss of data
C:\Users\ricar\Documents\2024-2\CGeIHC\P05\P05\PointLight.cpp(29,14): warning C4244: 'argument': conversion from 'GLfloat' to 'GLint', possible loss of data
C:\Users\ricar\Documents\2024-2\CGeIHC\P05\P05\PointLight.cpp(30,14): warning C4244: 'argument': conversion from 'GLfloat' to 'GLint', possible loss of data
C:\Users\ricar\Documents\2024-2\CGeIHC\P05\P05\PointLight.cpp(32,14): warning C4244: 'argument': conversion from 'GLfloat' to 'GLint', possible loss of data
C:\Users\ricar\Documents\2024-2\CGeIHC\P05\P05\PointLight.cpp(33,14): warning C4244: 'argument': conversion from 'GLfloat' to 'GLint', possible loss of data
C:\Users\ricar\Documents\2024-2\CGeIHC\P05\P05\PointLight.cpp(34,14): warning C4244: 'argument': conversion from 'GLfloat' to 'GLint', possible loss of data
C:\Users\ricar\Documents\2024-2\CGeIHC\P05\P05\PointLight.cpp(35,14): warning C4244: 'argument': conversion from 'GLfloat' to 'GLint', possible loss of data
  P05-421018596.cpp
C:\Users\ricar\Documents\2024-2\CGeIHC\P05\P05\Window.h(12,36): warning C4244: 'return': conversion from 'GLint' to 'GLfloat', possible loss of data
  (compiling source file 'P05-421018596.cpp')
  
C:\Users\ricar\Documents\2024-2\CGeIHC\P05\P05\Window.h(13,37): warning C4244: 'return': conversion from 'GLint' to 'GLfloat', possible loss of data
  (compiling source file 'P05-421018596.cpp')
  
C:\Users\ricar\Documents\2024-2\CGeIHC\P05\P05\P05-421018596.cpp(196,15): warning C4244: 'initializing': conversion from 'double' to 'GLfloat', possible loss of data
C:\Users\ricar\Documents\2024-2\CGeIHC\P05\P05\P05-421018596.cpp(198,33): warning C4244: '+=': conversion from 'double' to 'GLfloat', possible loss of data
  Shader_m.cpp
  Skybox.cpp
  Sphere.cpp
C:\Users\ricar\Documents\2024-2\CGeIHC\P05\P05\Sphere.cpp(39,13): warning C4244: 'initializing': conversion from 'double' to 'float', possible loss of data
C:\Users\ricar\Documents\2024-2\CGeIHC\P05\P05\Sphere.cpp(43,16): warning C4244: 'initializing': conversion from 'double' to 'float', possible loss of data
  SpotLight.cpp
  Window.cpp
C:\Users\ricar\Documents\2024-2\CGeIHC\P05\P05\Window.h(12,36): warning C4244: 'return': conversion from 'GLint' to 'GLfloat', possible loss of data
  (compiling source file 'Window.cpp')
  
C:\Users\ricar\Documents\2024-2\CGeIHC\P05\P05\Window.h(13,37): warning C4244: 'return': conversion from 'GLint' to 'GLfloat', possible loss of data
  (compiling source file 'Window.cpp')
  
C:\Users\ricar\Documents\2024-2\CGeIHC\P05\P05\Window.cpp(289,22): warning C4244: '=': conversion from 'double' to 'GLfloat', possible loss of data
C:\Users\ricar\Documents\2024-2\CGeIHC\P05\P05\Window.cpp(290,22): warning C4244: '=': conversion from 'double' to 'GLfloat', possible loss of data
C:\Users\ricar\Documents\2024-2\CGeIHC\P05\P05\Window.cpp(294,28): warning C4244: '=': conversion from 'double' to 'GLfloat', possible loss of data
C:\Users\ricar\Documents\2024-2\CGeIHC\P05\P05\Window.cpp(295,40): warning C4244: '=': conversion from 'double' to 'GLfloat', possible loss of data
C:\Users\ricar\Documents\2024-2\CGeIHC\P05\P05\Window.cpp(297,21): warning C4244: '=': conversion from 'double' to 'GLfloat', possible loss of data
C:\Users\ricar\Documents\2024-2\CGeIHC\P05\P05\Window.cpp(298,21): warning C4244: '=': conversion from 'double' to 'GLfloat', possible loss of data
  Generating code
  Previous IPDB not found, fall back to full compilation.
C:\Users\ricar\Documents\2024-2\CGeIHC\P05\P05\Window.cpp(96): warning C4715: 'Window::Initialise': not all control paths return a value
  All 769 functions were compiled because no usable IPDB/IOBJ from previous compilation was found.
  Finished generating code
  P05.vcxproj -> C:\Users\ricar\Documents\2024-2\CGeIHC\P05\Release\P05.exe
