  P03-421018596.cpp
C:\Users\ricar\Documents\2024-2\CGeIHC\P3\P3\P3\Window.h(12,36): warning C4244: 'return': conversion from 'GLint' to 'GLfloat', possible loss of data
  (compiling source file 'P03-421018596.cpp')
  
C:\Users\ricar\Documents\2024-2\CGeIHC\P3\P3\P3\Window.h(13,37): warning C4244: 'return': conversion from 'GLint' to 'GLfloat', possible loss of data
  (compiling source file 'P03-421018596.cpp')
  
C:\Users\ricar\Documents\2024-2\CGeIHC\P3\P3\P3\P03-421018596.cpp(27,36): warning C4305: 'initializing': truncation from 'double' to 'float'
C:\Users\ricar\Documents\2024-2\CGeIHC\P3\P3\P3\P03-421018596.cpp(199,16): warning C4018: '<': signed/unsigned mismatch
C:\Users\ricar\Documents\2024-2\CGeIHC\P3\P3\P3\P03-421018596.cpp(241,32): warning C4244: 'argument': conversion from 'double' to '_Ty', possible loss of data
C:\Users\ricar\Documents\2024-2\CGeIHC\P3\P3\P3\P03-421018596.cpp(241,32): warning C4244:         with
C:\Users\ricar\Documents\2024-2\CGeIHC\P3\P3\P3\P03-421018596.cpp(241,32): warning C4244:         [
C:\Users\ricar\Documents\2024-2\CGeIHC\P3\P3\P3\P03-421018596.cpp(241,32): warning C4244:             _Ty=GLfloat
C:\Users\ricar\Documents\2024-2\CGeIHC\P3\P3\P3\P03-421018596.cpp(241,32): warning C4244:         ]
C:\Users\ricar\Documents\2024-2\CGeIHC\P3\P3\P3\P03-421018596.cpp(243,32): warning C4244: 'argument': conversion from 'double' to '_Ty', possible loss of data
C:\Users\ricar\Documents\2024-2\CGeIHC\P3\P3\P3\P03-421018596.cpp(243,32): warning C4244:         with
C:\Users\ricar\Documents\2024-2\CGeIHC\P3\P3\P3\P03-421018596.cpp(243,32): warning C4244:         [
C:\Users\ricar\Documents\2024-2\CGeIHC\P3\P3\P3\P03-421018596.cpp(243,32): warning C4244:             _Ty=GLfloat
C:\Users\ricar\Documents\2024-2\CGeIHC\P3\P3\P3\P03-421018596.cpp(243,32): warning C4244:         ]
C:\Users\ricar\Documents\2024-2\CGeIHC\P3\P3\P3\P03-421018596.cpp(339,15): warning C4244: 'initializing': conversion from 'double' to 'GLfloat', possible loss of data
C:\Users\ricar\Documents\2024-2\CGeIHC\P3\P3\P3\P03-421018596.cpp(341,33): warning C4244: '+=': conversion from 'double' to 'GLfloat', possible loss of data
LINK : warning LNK4098: defaultlib 'MSVCRT' conflicts with use of other libs; use /NODEFAULTLIB:library
  P3.vcxproj -> C:\Users\ricar\Documents\2024-2\CGeIHC\P3\P3\Debug\P3.exe
